Replace Part * BMS SLAVES in C:\Users\21isa\Downloads\HIGH_VOLTAGE\Schematic.SchDoc with BMS SLAVES from Symbols.SchLib
Replace Part * BMS SLAVES in C:\Users\21isa\Downloads\HIGH_VOLTAGE\Schematic.SchDoc with BMS SLAVES from Symbols.SchLib
Replace Part * BMS SLAVES in C:\Users\21isa\Downloads\HIGH_VOLTAGE\Schematic.SchDoc with BMS SLAVES from Symbols.SchLib
Replace Part * BMS SLAVES in C:\Users\21isa\Downloads\HIGH_VOLTAGE\Schematic.SchDoc with BMS SLAVES from Symbols.SchLib
Replace Part * BMS SLAVES in C:\Users\21isa\Downloads\HIGH_VOLTAGE\Schematic.SchDoc with BMS SLAVES from Symbols.SchLib
Replace Part * BMS SLAVES in C:\Users\21isa\Downloads\HIGH_VOLTAGE\Schematic.SchDoc with BMS SLAVES from Symbols.SchLib
Replace Part * BMS SLAVES in C:\Users\21isa\Downloads\HIGH_VOLTAGE\Schematic.SchDoc with BMS SLAVES from Symbols.SchLib
Replace Part * BMS SLAVES in C:\Users\21isa\Downloads\HIGH_VOLTAGE\Schematic.SchDoc with BMS SLAVES from Symbols.SchLib
Replace Part 1 BMS MASTER in C:\Users\21isa\Downloads\HIGH_VOLTAGE\Schematic.SchDoc with BMS MASTER from Symbols.SchLib
Replace Part 1 Voltage/Current Sensing in C:\Users\21isa\Downloads\HIGH_VOLTAGE\Schematic.SchDoc with Voltage/Current Sensing from Symbols.SchLib
Replace Part 1 Microcontroller in C:\Users\21isa\Downloads\HIGH_VOLTAGE\Schematic.SchDoc with Microcontroller from Symbols.SchLib
Replace Part 1 DCDC in C:\Users\21isa\Downloads\HIGH_VOLTAGE\Schematic.SchDoc with DCDC from Symbols.SchLib
Replace Part 1 Analog Cell Board in C:\Users\21isa\Downloads\HIGH_VOLTAGE\Schematic.SchDoc with Analog Cell Board from Symbols.SchLib
Replace Part 1 AIRS in C:\Users\21isa\Downloads\HIGH_VOLTAGE\Schematic.SchDoc with AIRS from Symbols.SchLib
Replace Part 1 Thermistor Expan in C:\Users\21isa\Downloads\HIGH_VOLTAGE\Schematic.SchDoc with Thermistor Expan from Symbols.SchLib
Replace Part 1 PreCharge Control Circuit in C:\Users\21isa\Downloads\HIGH_VOLTAGE\Schematic.SchDoc with PreCharge Control Circuit from Symbols.SchLib
Replace Part 1 ACC Fuses in C:\Users\21isa\Downloads\HIGH_VOLTAGE\Schematic.SchDoc with ACC Fuses from Symbols.SchLib
Replace Part 1 Shutdown Circuit in C:\Users\21isa\Downloads\HIGH_VOLTAGE\Schematic.SchDoc with Shutdown Circuit from Symbols.SchLib
Replace Part 1 Pilot Contact & Interlock Line in C:\Users\21isa\Downloads\HIGH_VOLTAGE\Schematic.SchDoc with Pilot Contact & Interlock Line from Symbols.SchLib
Replace Part 1 IMD in C:\Users\21isa\Downloads\HIGH_VOLTAGE\Schematic.SchDoc with IMD from Symbols.SchLib
Replace Part 1 Battery in C:\Users\21isa\Downloads\HIGH_VOLTAGE\Schematic.SchDoc with Battery from Symbols.SchLib
Replace Part 1 BMS in C:\Users\21isa\Downloads\HIGH_VOLTAGE\Schematic.SchDoc with BMS from Symbols.SchLib
Replace Part 2 BMS in C:\Users\21isa\Downloads\HIGH_VOLTAGE\Schematic.SchDoc with BMS from Symbols.SchLib
Replace Part 3 BMS in C:\Users\21isa\Downloads\HIGH_VOLTAGE\Schematic.SchDoc with BMS from Symbols.SchLib
Replace Part 4 BMS in C:\Users\21isa\Downloads\HIGH_VOLTAGE\Schematic.SchDoc with BMS from Symbols.SchLib
Replace Part 5 BMS in C:\Users\21isa\Downloads\HIGH_VOLTAGE\Schematic.SchDoc with BMS from Symbols.SchLib
Replace Part 6 BMS in C:\Users\21isa\Downloads\HIGH_VOLTAGE\Schematic.SchDoc with BMS from Symbols.SchLib
Replace Part 7 BMS in C:\Users\21isa\Downloads\HIGH_VOLTAGE\Schematic.SchDoc with BMS from Symbols.SchLib
Replace Part 8 BMS in C:\Users\21isa\Downloads\HIGH_VOLTAGE\Schematic.SchDoc with BMS from Symbols.SchLib
