Replace Part C? 0805-4.7uF-16V in C:\Users\Brayden McKeen\Documents\GitHub\Phantom\High Voltage Board\IsoPowerSupply.SchDoc with 0805-4.7uF-16V from Capacitors.SchLib
Replace Part C? 1206-10uF-50V in C:\Users\Brayden McKeen\Documents\GitHub\Phantom\High Voltage Board\IsoPowerSupply.SchDoc with 1206-10uF-50V from Capacitors.SchLib
Replace Part C? 1206-10uF-50V in C:\Users\Brayden McKeen\Documents\GitHub\Phantom\High Voltage Board\IsoPowerSupply.SchDoc with 1206-10uF-50V from Capacitors.SchLib
Replace Part C? 2220-2.2uF-450V in C:\Users\Brayden McKeen\Documents\GitHub\Phantom\High Voltage Board\IsoPowerSupply.SchDoc with 2220-2.2uF-450V from Capacitors.SchLib
Replace Part C? 0805-4.7uF-16V in C:\Users\Brayden McKeen\Documents\GitHub\Phantom\High Voltage Board\IsoPowerSupply.SchDoc with 0805-4.7uF-16V from Capacitors.SchLib
Replace Part D? LED-Green in C:\Users\Brayden McKeen\Documents\GitHub\Phantom\High Voltage Board\IsoPowerSupply.SchDoc with LED-Green from LEDs.SchLib
Replace Part D? LED-Green in C:\Users\Brayden McKeen\Documents\GitHub\Phantom\High Voltage Board\IsoPowerSupply.SchDoc with LED-Green from LEDs.SchLib
Replace Part D? LED-Green in C:\Users\Brayden McKeen\Documents\GitHub\Phantom\High Voltage Board\IsoPowerSupply.SchDoc with LED-Green from LEDs.SchLib
Replace Part D? LED-Green in C:\Users\Brayden McKeen\Documents\GitHub\Phantom\High Voltage Board\IsoPowerSupply.SchDoc with LED-Green from LEDs.SchLib
Replace Part D? LED-Green in C:\Users\Brayden McKeen\Documents\GitHub\Phantom\High Voltage Board\IsoPowerSupply.SchDoc with LED-Green from LEDs.SchLib
Replace Part J? 2PIN in C:\Users\Brayden McKeen\Documents\GitHub\Phantom\High Voltage Board\IsoPowerSupply.SchDoc with 2PIN from Connectors.SchLib
Replace Part JP? 3PIN-TEST in C:\Users\Brayden McKeen\Documents\GitHub\Phantom\High Voltage Board\IsoPowerSupply.SchDoc with 3PIN-TEST from Connectors.SchLib
Replace Part JP? 2PIN-TEST in C:\Users\Brayden McKeen\Documents\GitHub\Phantom\High Voltage Board\IsoPowerSupply.SchDoc with 2PIN-TEST from Connectors.SchLib
Replace Part JP? 3PIN-TEST in C:\Users\Brayden McKeen\Documents\GitHub\Phantom\High Voltage Board\IsoPowerSupply.SchDoc with 3PIN-TEST from Connectors.SchLib
Replace Part R? 0805-665R in C:\Users\Brayden McKeen\Documents\GitHub\Phantom\High Voltage Board\IsoPowerSupply.SchDoc with 0805-665R from Resistors.SchLib
Replace Part R? 0805-1KR in C:\Users\Brayden McKeen\Documents\GitHub\Phantom\High Voltage Board\IsoPowerSupply.SchDoc with 0805-1KR from Resistors.SchLib
Replace Part R? 0805-2.2KR in C:\Users\Brayden McKeen\Documents\GitHub\Phantom\High Voltage Board\IsoPowerSupply.SchDoc with 0805-2.2KR from Resistors.SchLib
Replace Part R? 0805-280R in C:\Users\Brayden McKeen\Documents\GitHub\Phantom\High Voltage Board\IsoPowerSupply.SchDoc with 0805-280R from Resistors.SchLib
Replace Part R? 0805-2.2KR in C:\Users\Brayden McKeen\Documents\GitHub\Phantom\High Voltage Board\IsoPowerSupply.SchDoc with 0805-2.2KR from Resistors.SchLib
Replace Part U? LDO-3.3V-500mA in C:\Users\Brayden McKeen\Documents\GitHub\Phantom\High Voltage Board\IsoPowerSupply.SchDoc with LDO-3.3V-500mA from Power.SchLib
Replace Part U? LDO-5V-500mA in C:\Users\Brayden McKeen\Documents\GitHub\Phantom\High Voltage Board\IsoPowerSupply.SchDoc with LDO-5V-500mA from Power.SchLib
