Removed Pin From Net: NetName=LV GND Pin=J2-1
Removed Pin From Net: NetName=12V Pin=J2-2
Removed Pin From Net: NetName=LV GND Pin=J3-1
Removed Pin From Net: NetName=HV Active Pin=J3-2
Removed Pin From Net: NetName=12V Pin=J4-1
Removed Pin From Net: NetName=LV Active Pin=J4-2
Removed Pin From Net: NetName=HV Active Pin=J5-1
Removed Pin From Net: NetName=LV GND Pin=J5-2
Change Component Footprint: Designator=J3 Old Footprint=2PIN New Footprint=6PIN
Change Component Comment : Designator=J3 Old Comment=Red LED New Comment=Lights Out
Change component parameters: Designator = "J3" ("J3"); Footprint = "2PIN"; UniqueID = "\KYMDIIYQ" ("\KYMDIIYQ")
Change component parameters (AddParameter): Name = "Color"; Value = "Black"; VariantName = "[No Variations]"
Change component parameters (AddParameter): Name = "ComponentLink1Description"; Value = "http://uk.rs-online.com/webdocs/13c4/0900766b813c4993.pdf?src-supplier=RSComponents"; VariantName = "[No Variations]"
Change component parameters (AddParameter): Name = "ComponentLink1URL"; Value = "http://uk.rs-online.com/webdocs/13c4/0900766b813c4993.pdf?src-supplier=RSComponents"; VariantName = "[No Variations]"
Change component parameters (AddParameter): Name = "ComponentLink2Description"; Value = "http://www.molex.com/webdocs/datasheets/pdf/en-us/0705530040_PCB_HEADERS.pdf?src-supplier=Avnet+Europe"; VariantName = "[No Variations]"
Change component parameters (AddParameter): Name = "ComponentLink2URL"; Value = "http://www.molex.com/webdocs/datasheets/pdf/en-us/0705530040_PCB_HEADERS.pdf?src-supplier=Avnet+Europe"; VariantName = "[No Variations]"
Change component parameters (AddParameter): Name = "ComponentLink3Description"; Value = "http://www.farnell.com/datasheets/1844551.pdf?src-supplier=Farnell"; VariantName = "[No Variations]"
Change component parameters (AddParameter): Name = "ComponentLink3URL"; Value = "http://www.farnell.com/datasheets/1844551.pdf?src-supplier=Farnell"; VariantName = "[No Variations]"
Change component parameters (AddParameter): Name = "ComponentLink4Description"; Value = "http://www.mouser.com/ds/2/276/0705530040_PCB_HEADERS-172948.pdf?src-supplier=Mouser"; VariantName = "[No Variations]"
Change component parameters (AddParameter): Name = "ComponentLink4URL"; Value = "http://www.mouser.com/ds/2/276/0705530040_PCB_HEADERS-172948.pdf?src-supplier=Mouser"; VariantName = "[No Variations]"
Change component parameters (AddParameter): Name = "ComponentLink5Description"; Value = "http://www.farnell.com/cad/655744.pdf?src-supplier=Element14"; VariantName = "[No Variations]"
Change component parameters (AddParameter): Name = "ComponentLink5URL"; Value = "http://www.farnell.com/cad/655744.pdf?src-supplier=Element14"; VariantName = "[No Variations]"
Change component parameters (AddParameter): Name = "ComponentLink6Description"; Value = "http://www.jameco.com/Jameco/Products/ProdDS/1302975.pdf?src-supplier=Jameco"; VariantName = "[No Variations]"
Change component parameters (AddParameter): Name = "ComponentLink6URL"; Value = "http://www.jameco.com/Jameco/Products/ProdDS/1302975.pdf?src-supplier=Jameco"; VariantName = "[No Variations]"
Change component parameters (AddParameter): Name = "Contact Material"; Value = "Bronze,Copper Alloy,Brass"; VariantName = "[No Variations]"
Change component parameters (AddParameter): Name = "Contact Plating"; Value = "Tin"; VariantName = "[No Variations]"
Change component parameters (AddParameter): Name = "Contact Resistance"; Value = "30mR"; VariantName = "[No Variations]"
Change component parameters (AddParameter): Name = "Current Rating"; Value = "3A"; VariantName = "[No Variations]"
Change component parameters (AddParameter): Name = "Depth"; Value = "13.59mm"; VariantName = "[No Variations]"
Change component parameters (AddParameter): Name = "ELV"; Value = "Compliant"; VariantName = "[No Variations]"
Change component parameters (AddParameter): Name = "Flammability Rating"; Value = "UL94 V-0"; VariantName = "[No Variations]"
Change component parameters (AddParameter): Name = "Gender"; Value = "Male"; VariantName = "[No Variations]"
Change component parameters (AddParameter): Name = "Glow Wire Compliant"; Value = "Non-compliant"; VariantName = "[No Variations]"
Change component parameters (AddParameter): Name = "Height"; Value = "6.99mm"; VariantName = "[No Variations]"
Change component parameters (AddParameter): Name = "Housing Color"; Value = "Black"; VariantName = "[No Variations]"
Change component parameters (AddParameter): Name = "Housing Material"; Value = "Thermoplastic"; VariantName = "[No Variations]"
Change component parameters (AddParameter): Name = "Insulation Resistance"; Value = "1GR"; VariantName = "[No Variations]"
Change component parameters (AddParameter): Name = "Lead Free"; Value = "Lead Free"; VariantName = "[No Variations]"
Change component parameters (AddParameter): Name = "Length"; Value = "17.79mm"; VariantName = "[No Variations]"
Change component parameters (AddParameter): Name = "Manufacturer"; Value = "Molex"; VariantName = "[No Variations]"
Change component parameters (AddParameter): Name = "Manufacturer Part Number"; Value = "70553-0040"; VariantName = "[No Variations]"
Change component parameters (AddParameter): Name = "Material"; Value = "Brass"; VariantName = "[No Variations]"
Change component parameters (AddParameter): Name = "Max Current Rating"; Value = "3A"; VariantName = "[No Variations]"
Change component parameters (AddParameter): Name = "Max Operating Temperature"; Value = "105°C"; VariantName = "[No Variations]"
Change component parameters (AddParameter): Name = "Max Voltage Rating (AC)"; Value = "250V"; VariantName = "[No Variations]"
Change component parameters (AddParameter): Name = "Min Operating Temperature"; Value = "-40°C"; VariantName = "[No Variations]"
Change component parameters (AddParameter): Name = "Mount"; Value = "Through Hole"; VariantName = "[No Variations]"
Change component parameters (AddParameter): Name = "Number of Circuits"; Value = "6"; VariantName = "[No Variations]"
Change component parameters (AddParameter): Name = "Number of Contacts"; Value = "6"; VariantName = "[No Variations]"
Change component parameters (AddParameter): Name = "Number of Positions"; Value = "6"; VariantName = "[No Variations]"
Change component parameters (AddParameter): Name = "Number of Rows"; Value = "1"; VariantName = "[No Variations]"
Change component parameters (AddParameter): Name = "Orientation"; Value = "Right Angle"; VariantName = "[No Variations]"
Change component parameters (AddParameter): Name = "Package Quantity"; Value = "1200"; VariantName = "[No Variations]"
Change component parameters (AddParameter): Name = "Packaging"; Value = "Rail/Tube"; VariantName = "[No Variations]"
Change component parameters (AddParameter): Name = "Pitch"; Value = "2.54mm"; VariantName = "[No Variations]"
Change component parameters (AddParameter): Name = "Pricing 1"; Value = "1=1.58, 10=1.434, 100=1.2289, 500=1.0241, 1000=0.8778, 5000=0.77832, 10000=0.76076 (USD)"; VariantName = "[No Variations]"
Change component parameters (AddParameter): Name = "Radiation Hardening"; Value = "No"; VariantName = "[No Variations]"
Change component parameters (AddParameter): Name = "REACH SVHC"; Value = "Unknown"; VariantName = "[No Variations]"
Change component parameters (AddParameter): Name = "Stock 1"; Value = "2212"; VariantName = "[No Variations]"
Change component parameters (AddParameter): Name = "Supplier 1"; Value = "Digi-Key"; VariantName = "[No Variations]"
Change component parameters (AddParameter): Name = "Supplier Part Number 1"; Value = "WM4928-ND"; VariantName = "[No Variations]"
Change component parameters (AddParameter): Name = "Termination"; Value = "Solder"; VariantName = "[No Variations]"
Change component parameters (AddParameter): Name = "Voltage Rating"; Value = "250V"; VariantName = "[No Variations]"
Change component parameters (AddParameter): Name = "Voltage Rating (DC)"; Value = "250V"; VariantName = "[No Variations]"
Added Pin To Net: NetName=12V Pin=J2-1
Added Pin To Net: NetName=LV GND Pin=J2-2
Added Pin To Net: NetName=12V Pin=J3-1
Added Pin To Net: NetName=LV Active Pin=J3-2
Added Pin To Net: NetName=HV Active Pin=J3-3
Added Pin To Net: NetName=HV Active Pin=J3-4
Added Pin To Net: NetName=LV GND Pin=J3-5
Added Pin To Net: NetName=LV GND Pin=J3-6
Added Member To Class: ClassName=TSAL_2_Schem Member=Component F1
Added Member To Class: ClassName=TSAL_2_Schem Member=Component J1 HV
Added Member To Class: ClassName=TSAL_2_Schem Member=Component J2 LV
Added Member To Class: ClassName=TSAL_2_Schem Member=Component J3 Lights Out
Added Member To Class: ClassName=TSAL_2_Schem Member=Component Q1 NTD2955T4GOSCT-ND
Added Member To Class: ClassName=TSAL_2_Schem Member=Component Q2 IPD50N06S4L12ATMA2CT-ND
Added Member To Class: ClassName=TSAL_2_Schem Member=Component R1 560R
Added Member To Class: ClassName=TSAL_2_Schem Member=Component R2 39K
Added Member To Class: ClassName=TSAL_2_Schem Member=Component R3 430R
Added Member To Class: ClassName=TSAL_2_Schem Member=Component R5 1K
Added Member To Class: ClassName=TSAL_2_Schem Member=Component U1 EL3H7(B)(TA)-VG
Added Room: Name=TSAL_2_Schem
